05:02:50.428 [main] DEBUG com.intuit.karate.Suite - [config] classpath:karate-config.js
05:02:50.951 [main] INFO  com.intuit.karate - karate.env system property was: null 
05:02:51.109 [main] DEBUG com.intuit.karate - request:
1 > GET http://localhost:9191/normal/webapi/all
1 > Host: localhost:9191
1 > Connection: Keep-Alive
1 > User-Agent: Apache-HttpClient/4.5.14 (Java/20.0.2)
1 > Accept-Encoding: gzip,deflate


05:02:51.118 [main] ERROR com.intuit.karate - org.apache.http.conn.HttpHostConnectException: Connect to localhost:9191 [localhost/127.0.0.1, localhost/0:0:0:0:0:0:0:1] failed: Connection refused, http call failed after 144 milliseconds for url: http://localhost:9191/normal/webapi/all
05:02:51.119 [main] ERROR com.intuit.karate - classpath:com/luidimso/getrequest/getRequest2.feature:6
When method get
http call failed after 144 milliseconds for url: http://localhost:9191/normal/webapi/all
org.apache.http.conn.HttpHostConnectException: Connect to localhost:9191 [localhost/127.0.0.1, localhost/0:0:0:0:0:0:0:1] failed: Connection refused
classpath:com/luidimso/getrequest/getRequest2.feature:6
05:03:27.170 [main] DEBUG com.intuit.karate.Suite - [config] classpath:karate-config.js
05:03:27.626 [main] INFO  com.intuit.karate - karate.env system property was: null 
05:03:27.741 [main] DEBUG com.intuit.karate - request:
1 > GET http://localhost:9191/normal/webapi/all
1 > Host: localhost:9191
1 > Connection: Keep-Alive
1 > User-Agent: Apache-HttpClient/4.5.14 (Java/20.0.2)
1 > Accept-Encoding: gzip,deflate


05:03:27.860 [main] DEBUG com.intuit.karate - response time in milliseconds: 116
1 < 200
1 < X-Content-Type-Options: nosniff
1 < X-XSS-Protection: 1; mode=block
1 < Cache-Control: no-cache, no-store, max-age=0, must-revalidate
1 < Pragma: no-cache
1 < Expires: 0
1 < X-Frame-Options: DENY
1 < Content-Type: application/json
1 < Transfer-Encoding: chunked
1 < Date: Thu, 26 Oct 2023 08:03:27 GMT
1 < Keep-Alive: timeout=60
1 < Connection: keep-alive
[{"jobId":1,"jobTitle":"Software Engg","jobDescription":"To develop andriod application","experience":["Google","Apple","Mobile Iron"],"project":[{"projectName":"Movie App","technology":["Kotlin","SQL Lite","Gradle"]}]}]

05:10:06.998 [main] DEBUG com.intuit.karate.Suite - [config] classpath:karate-config.js
05:10:07.441 [main] INFO  com.intuit.karate - karate.env system property was: null 
05:10:07.555 [main] DEBUG com.intuit.karate - request:
1 > GET http://localhost:9191/normal/webapi/all
1 > Host: localhost:9191
1 > Connection: Keep-Alive
1 > User-Agent: Apache-HttpClient/4.5.14 (Java/20.0.2)
1 > Accept-Encoding: gzip,deflate


05:10:07.573 [main] DEBUG com.intuit.karate - response time in milliseconds: 17
1 < 200
1 < X-Content-Type-Options: nosniff
1 < X-XSS-Protection: 1; mode=block
1 < Cache-Control: no-cache, no-store, max-age=0, must-revalidate
1 < Pragma: no-cache
1 < Expires: 0
1 < X-Frame-Options: DENY
1 < Content-Type: application/json
1 < Transfer-Encoding: chunked
1 < Date: Thu, 26 Oct 2023 08:10:07 GMT
1 < Keep-Alive: timeout=60
1 < Connection: keep-alive
[{"jobId":1,"jobTitle":"Software Engg","jobDescription":"To develop andriod application","experience":["Google","Apple","Mobile Iron"],"project":[{"projectName":"Movie App","technology":["Kotlin","SQL Lite","Gradle"]}]}]

05:10:43.735 [main] DEBUG com.intuit.karate.Suite - [config] classpath:karate-config.js
05:10:44.115 [main] INFO  com.intuit.karate - karate.env system property was: null 
05:10:44.229 [main] DEBUG com.intuit.karate - request:
1 > GET http://localhost:9191/normal/webapi/all
1 > Host: localhost:9191
1 > Connection: Keep-Alive
1 > User-Agent: Apache-HttpClient/4.5.14 (Java/20.0.2)
1 > Accept-Encoding: gzip,deflate


05:10:44.252 [main] DEBUG com.intuit.karate - response time in milliseconds: 21
1 < 200
1 < X-Content-Type-Options: nosniff
1 < X-XSS-Protection: 1; mode=block
1 < Cache-Control: no-cache, no-store, max-age=0, must-revalidate
1 < Pragma: no-cache
1 < Expires: 0
1 < X-Frame-Options: DENY
1 < Content-Type: application/json
1 < Transfer-Encoding: chunked
1 < Date: Thu, 26 Oct 2023 08:10:44 GMT
1 < Keep-Alive: timeout=60
1 < Connection: keep-alive
[{"jobId":1,"jobTitle":"Software Engg","jobDescription":"To develop andriod application","experience":["Google","Apple","Mobile Iron"],"project":[{"projectName":"Movie App","technology":["Kotlin","SQL Lite","Gradle"]}]}]

05:10:44.573 [main] DEBUG com.intuit.karate.Suite - [config] classpath:karate-config.js
05:10:44.577 [main] INFO  com.intuit.karate - karate.env system property was: null 
05:10:44.579 [main] DEBUG com.intuit.karate - request:
1 > GET http://localhost:9191/normal/webapi/all
1 > Host: localhost:9191
1 > Connection: Keep-Alive
1 > User-Agent: Apache-HttpClient/4.5.14 (Java/20.0.2)
1 > Accept-Encoding: gzip,deflate


05:10:44.584 [main] DEBUG com.intuit.karate - response time in milliseconds: 5
1 < 200
1 < X-Content-Type-Options: nosniff
1 < X-XSS-Protection: 1; mode=block
1 < Cache-Control: no-cache, no-store, max-age=0, must-revalidate
1 < Pragma: no-cache
1 < Expires: 0
1 < X-Frame-Options: DENY
1 < Content-Type: application/json
1 < Transfer-Encoding: chunked
1 < Date: Thu, 26 Oct 2023 08:10:44 GMT
1 < Keep-Alive: timeout=60
1 < Connection: keep-alive
[{"jobId":1,"jobTitle":"Software Engg","jobDescription":"To develop andriod application","experience":["Google","Apple","Mobile Iron"],"project":[{"projectName":"Movie App","technology":["Kotlin","SQL Lite","Gradle"]}]}]

